2018/03/23 01:28:49 [error] [exception.CException] exception 'CException' with message 'Alias "application.components.ArtMenu" is invalid. Make sure it points to an existing PHP file and the file is readable.' in C:\xampp\yii\framework\YiiBase.php:322
Stack trace:
#0 C:\xampp\yii\framework\web\CWidgetFactory.php(146): YiiBase::import('application.com...', true)
#1 C:\xampp\yii\framework\web\CBaseController.php(146): CWidgetFactory->createWidget(Object(SiteController), 'application.com...', Array)
#2 C:\xampp\yii\framework\web\CBaseController.php(172): CBaseController->createWidget('application.com...', Array)
#3 C:\xampp\htdocs\firefly\themes\fistful\views\layouts\main_sbar.php(44): CBaseController->widget('application.com...', Array)
#4 C:\xampp\yii\framework\web\CBaseController.php(126): require('C:\\xampp\\htdocs...')
#5 C:\xampp\yii\framework\web\CBaseController.php(95): CBaseController->renderInternal('C:\\xampp\\htdocs...', Array, true)
#6 C:\xampp\yii\framework\web\widgets\CContentDecorator.php(76): CBaseController->renderFile('C:\\xampp\\htdocs...', Array, true)
#7 C:\xampp\yii\framework\web\widgets\CContentDecorator.php(54): CContentDecorator->decorate('<div class="art...')
#8 C:\xampp\yii\framework\web\widgets\COutputProcessor.php(44): CContentDecorator->processOutput('<div class="art...')
#9 C:\xampp\yii\framework\web\CBaseController.php(206): COutputProcessor->run()
#10 C:\xampp\yii\framework\web\CBaseController.php(300): CBaseController->endWidget('CContentDecorat...')
#11 C:\xampp\htdocs\firefly\themes\fistful\views\layouts\column2.php(9): CBaseController->endContent()
#12 C:\xampp\yii\framework\web\CBaseController.php(126): require('C:\\xampp\\htdocs...')
#13 C:\xampp\yii\framework\web\CBaseController.php(95): CBaseController->renderInternal('C:\\xampp\\htdocs...', Array, true)
#14 C:\xampp\yii\framework\web\CController.php(784): CBaseController->renderFile('C:\\xampp\\htdocs...', Array, true)
#15 C:\xampp\htdocs\firefly\protected\controllers\SiteController.php(32): CController->render('index')
#16 C:\xampp\yii\framework\web\actions\CInlineAction.php(49): SiteController->actionIndex()
#17 C:\xampp\yii\framework\web\CController.php(308): CInlineAction->runWithParams(Array)
#18 C:\xampp\yii\framework\web\CController.php(286): CController->runAction(Object(CInlineAction))
#19 C:\xampp\yii\framework\web\CController.php(265): CController->runActionWithFilters(Object(CInlineAction), Array)
#20 C:\xampp\yii\framework\web\CWebApplication.php(282): CController->run('')
#21 C:\xampp\yii\framework\web\CWebApplication.php(141): CWebApplication->runController('')
#22 C:\xampp\yii\framework\base\CApplication.php(180): CWebApplication->processRequest()
#23 C:\xampp\htdocs\firefly\index.php(13): CApplication->run()
#24 {main}
REQUEST_URI=/firefly/
---
2018/03/23 01:30:48 [error] [exception.CException] exception 'CException' with message 'Alias "application.components.ArtMenu" is invalid. Make sure it points to an existing PHP file and the file is readable.' in C:\xampp\yii\framework\YiiBase.php:322
Stack trace:
#0 C:\xampp\yii\framework\web\CWidgetFactory.php(146): YiiBase::import('application.com...', true)
#1 C:\xampp\yii\framework\web\CBaseController.php(146): CWidgetFactory->createWidget(Object(SiteController), 'application.com...', Array)
#2 C:\xampp\yii\framework\web\CBaseController.php(172): CBaseController->createWidget('application.com...', Array)
#3 C:\xampp\htdocs\firefly\themes\fistful\views\layouts\main_sbar.php(44): CBaseController->widget('application.com...', Array)
#4 C:\xampp\yii\framework\web\CBaseController.php(126): require('C:\\xampp\\htdocs...')
#5 C:\xampp\yii\framework\web\CBaseController.php(95): CBaseController->renderInternal('C:\\xampp\\htdocs...', Array, true)
#6 C:\xampp\yii\framework\web\widgets\CContentDecorator.php(76): CBaseController->renderFile('C:\\xampp\\htdocs...', Array, true)
#7 C:\xampp\yii\framework\web\widgets\CContentDecorator.php(54): CContentDecorator->decorate('<div class="art...')
#8 C:\xampp\yii\framework\web\widgets\COutputProcessor.php(44): CContentDecorator->processOutput('<div class="art...')
#9 C:\xampp\yii\framework\web\CBaseController.php(206): COutputProcessor->run()
#10 C:\xampp\yii\framework\web\CBaseController.php(300): CBaseController->endWidget('CContentDecorat...')
#11 C:\xampp\htdocs\firefly\themes\fistful\views\layouts\column2.php(9): CBaseController->endContent()
#12 C:\xampp\yii\framework\web\CBaseController.php(126): require('C:\\xampp\\htdocs...')
#13 C:\xampp\yii\framework\web\CBaseController.php(95): CBaseController->renderInternal('C:\\xampp\\htdocs...', Array, true)
#14 C:\xampp\yii\framework\web\CController.php(784): CBaseController->renderFile('C:\\xampp\\htdocs...', Array, true)
#15 C:\xampp\htdocs\firefly\protected\controllers\SiteController.php(32): CController->render('index')
#16 C:\xampp\yii\framework\web\actions\CInlineAction.php(49): SiteController->actionIndex()
#17 C:\xampp\yii\framework\web\CController.php(308): CInlineAction->runWithParams(Array)
#18 C:\xampp\yii\framework\web\CController.php(286): CController->runAction(Object(CInlineAction))
#19 C:\xampp\yii\framework\web\CController.php(265): CController->runActionWithFilters(Object(CInlineAction), Array)
#20 C:\xampp\yii\framework\web\CWebApplication.php(282): CController->run('')
#21 C:\xampp\yii\framework\web\CWebApplication.php(141): CWebApplication->runController('')
#22 C:\xampp\yii\framework\base\CApplication.php(180): CWebApplication->processRequest()
#23 C:\xampp\htdocs\firefly\index.php(13): CApplication->run()
#24 {main}
REQUEST_URI=/firefly/
---
2018/03/23 02:00:10 [error] [exception.CHttpException.404] exception 'CHttpException' with message 'Unable to resolve the request "user/create".' in C:\xampp\yii\framework\web\CWebApplication.php:286
Stack trace:
#0 C:\xampp\yii\framework\web\CWebApplication.php(141): CWebApplication->runController('user/create')
#1 C:\xampp\yii\framework\base\CApplication.php(180): CWebApplication->processRequest()
#2 C:\xampp\htdocs\firefly\index.php(13): CApplication->run()
#3 {main}
REQUEST_URI=/firefly/index.php?r=user/create
HTTP_REFERER=http://localhost/firefly/index.php?r=site/index
---
2018/03/23 02:00:12 [error] [exception.CHttpException.404] exception 'CHttpException' with message 'Unable to resolve the request "user/admin".' in C:\xampp\yii\framework\web\CWebApplication.php:286
Stack trace:
#0 C:\xampp\yii\framework\web\CWebApplication.php(141): CWebApplication->runController('user/admin')
#1 C:\xampp\yii\framework\base\CApplication.php(180): CWebApplication->processRequest()
#2 C:\xampp\htdocs\firefly\index.php(13): CApplication->run()
#3 {main}
REQUEST_URI=/firefly/index.php?r=user/admin
HTTP_REFERER=http://localhost/firefly/index.php?r=user/create
---
2018/03/23 02:02:53 [error] [exception.CHttpException.404] exception 'CHttpException' with message 'The system is unable to find the requested action "login".' in C:\xampp\yii\framework\web\CController.php:483
Stack trace:
#0 C:\xampp\yii\framework\web\CController.php(270): CController->missingAction('login')
#1 C:\xampp\yii\framework\web\CWebApplication.php(282): CController->run('login')
#2 C:\xampp\yii\framework\web\CWebApplication.php(141): CWebApplication->runController('site/login')
#3 C:\xampp\yii\framework\base\CApplication.php(180): CWebApplication->processRequest()
#4 C:\xampp\htdocs\firefly\index.php(13): CApplication->run()
#5 {main}
REQUEST_URI=/firefly/index.php?r=site/login
HTTP_REFERER=http://localhost/firefly/index.php?r=user/admin
---
2018/03/23 02:02:58 [error] [exception.CHttpException.404] exception 'CHttpException' with message 'The system is unable to find the requested action "login".' in C:\xampp\yii\framework\web\CController.php:483
Stack trace:
#0 C:\xampp\yii\framework\web\CController.php(270): CController->missingAction('login')
#1 C:\xampp\yii\framework\web\CWebApplication.php(282): CController->run('login')
#2 C:\xampp\yii\framework\web\CWebApplication.php(141): CWebApplication->runController('site/login')
#3 C:\xampp\yii\framework\base\CApplication.php(180): CWebApplication->processRequest()
#4 C:\xampp\htdocs\firefly\index.php(13): CApplication->run()
#5 {main}
REQUEST_URI=/firefly/index.php?r=site/login
HTTP_REFERER=http://localhost/firefly/index.php?r=site/login
---
2018/03/23 02:02:58 [error] [exception.CHttpException.404] exception 'CHttpException' with message 'Unable to resolve the request "user/admin".' in C:\xampp\yii\framework\web\CWebApplication.php:286
Stack trace:
#0 C:\xampp\yii\framework\web\CWebApplication.php(141): CWebApplication->runController('user/admin')
#1 C:\xampp\yii\framework\base\CApplication.php(180): CWebApplication->processRequest()
#2 C:\xampp\htdocs\firefly\index.php(13): CApplication->run()
#3 {main}
REQUEST_URI=/firefly/index.php?r=user/admin
HTTP_REFERER=http://localhost/firefly/index.php?r=site/login
---
2018/03/23 02:02:59 [error] [exception.CHttpException.404] exception 'CHttpException' with message 'Unable to resolve the request "user/create".' in C:\xampp\yii\framework\web\CWebApplication.php:286
Stack trace:
#0 C:\xampp\yii\framework\web\CWebApplication.php(141): CWebApplication->runController('user/create')
#1 C:\xampp\yii\framework\base\CApplication.php(180): CWebApplication->processRequest()
#2 C:\xampp\htdocs\firefly\index.php(13): CApplication->run()
#3 {main}
REQUEST_URI=/firefly/index.php?r=user/create
HTTP_REFERER=http://localhost/firefly/index.php?r=user/admin
---
2018/03/23 02:04:10 [error] [exception.CHttpException.404] exception 'CHttpException' with message 'The system is unable to find the requested action "login".' in C:\xampp\yii\framework\web\CController.php:483
Stack trace:
#0 C:\xampp\yii\framework\web\CController.php(270): CController->missingAction('login')
#1 C:\xampp\yii\framework\web\CWebApplication.php(282): CController->run('login')
#2 C:\xampp\yii\framework\web\CWebApplication.php(141): CWebApplication->runController('site/login')
#3 C:\xampp\yii\framework\base\CApplication.php(180): CWebApplication->processRequest()
#4 C:\xampp\htdocs\firefly\index.php(13): CApplication->run()
#5 {main}
REQUEST_URI=/firefly/index.php?r=site/login
HTTP_REFERER=http://localhost/firefly/
---
2018/03/23 02:04:12 [error] [exception.CHttpException.404] exception 'CHttpException' with message 'Unable to resolve the request "user/admin".' in C:\xampp\yii\framework\web\CWebApplication.php:286
Stack trace:
#0 C:\xampp\yii\framework\web\CWebApplication.php(141): CWebApplication->runController('user/admin')
#1 C:\xampp\yii\framework\base\CApplication.php(180): CWebApplication->processRequest()
#2 C:\xampp\htdocs\firefly\index.php(13): CApplication->run()
#3 {main}
REQUEST_URI=/firefly/index.php?r=user/admin
HTTP_REFERER=http://localhost/firefly/index.php?r=site/login
---
2018/03/23 02:04:13 [error] [exception.CHttpException.404] exception 'CHttpException' with message 'Unable to resolve the request "user/create".' in C:\xampp\yii\framework\web\CWebApplication.php:286
Stack trace:
#0 C:\xampp\yii\framework\web\CWebApplication.php(141): CWebApplication->runController('user/create')
#1 C:\xampp\yii\framework\base\CApplication.php(180): CWebApplication->processRequest()
#2 C:\xampp\htdocs\firefly\index.php(13): CApplication->run()
#3 {main}
REQUEST_URI=/firefly/index.php?r=user/create
HTTP_REFERER=http://localhost/firefly/index.php?r=user/admin
---
2018/03/23 02:04:23 [error] [exception.CHttpException.404] exception 'CHttpException' with message 'Unable to resolve the request "user/create".' in C:\xampp\yii\framework\web\CWebApplication.php:286
Stack trace:
#0 C:\xampp\yii\framework\web\CWebApplication.php(141): CWebApplication->runController('user/create')
#1 C:\xampp\yii\framework\base\CApplication.php(180): CWebApplication->processRequest()
#2 C:\xampp\htdocs\firefly\index.php(13): CApplication->run()
#3 {main}
REQUEST_URI=/firefly/index.php?r=user/create
HTTP_REFERER=http://localhost/firefly/index.php
---
